<?xml version="1.0" encoding="UTF-8"?>
<!-- Generated by org.testng.reporters.JUnitXMLReporter -->
<testsuite ignored="4" hostname="Chandan" failures="0" tests="1" name="Default test" time="3.266" errors="0" timestamp="2025-04-16T14:12:30 IST">
  <testcase classname="practicactions.ChekActions" name="dragAndDropPractice" time="3.223"/>
  <testcase classname="practicactions.ChekActions" name="check" time="0.0">
    <ignored/>
  </testcase> <!-- check -->
  <testcase classname="practicactions.ChekActions" name="moveCursorOnToMen" time="0.0">
    <ignored/>
  </testcase> <!-- moveCursorOnToMen -->
  <testcase classname="practicactions.ChekActions" name="moveToHyperLink" time="0.0">
    <ignored/>
  </testcase> <!-- moveToHyperLink -->
  <testcase classname="practicactions.ChekActions" name="appendingData" time="0.0">
    <ignored/>
  </testcase> <!-- appendingData -->
</testsuite> <!-- Default test -->
