<?xml version="1.0" encoding="UTF-8"?>
<testng-results ignored="4" total="5" passed="1" failed="0" skipped="0">
  <reporter-output>
  </reporter-output>
  <suite started-at="2025-04-16T14:12:27 IST" name="Default suite" finished-at="2025-04-16T14:12:30 IST" duration-ms="3266">
    <groups>
    </groups>
    <test started-at="2025-04-16T14:12:27 IST" name="Default test" finished-at="2025-04-16T14:12:30 IST" duration-ms="3266">
      <class name="practicactions.ChekActions">
        <test-method signature="dragAndDropPractice()[pri:0, instance:practicactions.ChekActions@647e447]" started-at="2025-04-16T14:12:27 IST" name="dragAndDropPractice" finished-at="2025-04-16T14:12:30 IST" duration-ms="3223" status="PASS">
          <reporter-output>
          </reporter-output>
        </test-method> <!-- dragAndDropPractice -->
      </class> <!-- practicactions.ChekActions -->
    </test> <!-- Default test -->
  </suite> <!-- Default suite -->
</testng-results>
